<?xml version="1.0" encoding="UTF-8"?>
<!-- Generated by org.testng.reporters.JUnitXMLReporter -->
<testsuite hostname="DESKTOP-0MOI0ET" ignored="7" name="Default test" tests="1" failures="0" timestamp="10 Jul 2018 16:19:14 GMT" time="7.975" errors="0">
  <testcase name="DragAndDrop" time="7.956" classname="heroKuapp.HeroKuappallTest"/>
  <testcase name="challangingDom" time="0.0" classname="heroKuapp.HeroKuappallTest">
    <ignored/>
  </testcase> <!-- challangingDom -->
  <testcase name="BrokenImage" time="0.0" classname="heroKuapp.HeroKuappallTest">
    <ignored/>
  </testcase> <!-- BrokenImage -->
  <testcase name="ABTesting" time="0.0" classname="heroKuapp.HeroKuappallTest">
    <ignored/>
  </testcase> <!-- ABTesting -->
  <testcase name="checkBoxes" time="0.0" classname="heroKuapp.HeroKuappallTest">
    <ignored/>
  </testcase> <!-- checkBoxes -->
  <testcase name="BasicAuth" time="0.0" classname="heroKuapp.HeroKuappallTest">
    <ignored/>
  </testcase> <!-- BasicAuth -->
  <testcase name="contextMenu" time="0.0" classname="heroKuapp.HeroKuappallTest">
    <ignored/>
  </testcase> <!-- contextMenu -->
  <testcase name="disappearingElements" time="0.0" classname="heroKuapp.HeroKuappallTest">
    <ignored/>
  </testcase> <!-- disappearingElements -->
</testsuite> <!-- Default test -->
