<?xml version="1.0" encoding="UTF-8"?>
<!-- Generated by org.testng.reporters.JUnitXMLReporter -->
<testsuite hostname="DESKTOP-0MOI0ET" ignored="3" name="Regression" tests="2" failures="0" timestamp="06 May 2018 16:30:20 GMT" time="0.038" errors="0">
  <testcase name="testa" time="0.01" classname="TestNGProject.Testday2"/>
  <testcase name="secondTest" time="0.001" classname="TestNGProject.NewTest"/>
  <testcase name="testB" time="0.0" classname="TestNGProject.Testday2">
    <ignored/>
  </testcase> <!-- testB -->
  <testcase name="thirdTest" time="0.0" classname="TestNGProject.NewTest">
    <ignored/>
  </testcase> <!-- thirdTest -->
  <testcase name="testa" time="0.0" classname="TestNGProject.NewTest">
    <ignored/>
  </testcase> <!-- testa -->
</testsuite> <!-- Regression -->
