<?xml version="1.0" encoding="UTF-8"?>
<!-- Generated by org.testng.reporters.JUnitXMLReporter -->
<testsuite hostname="DESKTOP-0MOI0ET" ignored="0" name="Test" tests="7" failures="0" timestamp="07 May 2018 00:09:49 GMT" time="0.089" errors="0">
  <testcase name="testB" time="0.005" classname="TestNGProject.Testday2"/>
  <testcase name="testa" time="0.004" classname="TestNGProject.Testday2"/>
  <testcase name="thirdTest" time="0.004" classname="TestNGProject.NewTest"/>
  <testcase name="thirdTest" time="0.001" classname="TestNGProject.NewTest"/>
  <testcase name="thirdTest" time="0.001" classname="TestNGProject.NewTest"/>
  <testcase name="testa" time="0.002" classname="TestNGProject.NewTest"/>
  <testcase name="secondTest" time="0.002" classname="TestNGProject.NewTest"/>
</testsuite> <!-- Test -->
