<?xml version="1.0" encoding="UTF-8"?>
<testng-results skipped="0" failed="0" ignored="7" total="8" passed="1">
  <reporter-output>
  </reporter-output>
  <suite name="Default suite" duration-ms="7975" started-at="2018-07-10T16:19:06Z" finished-at="2018-07-10T16:19:14Z">
    <groups>
    </groups>
    <test name="Default test" duration-ms="7975" started-at="2018-07-10T16:19:06Z" finished-at="2018-07-10T16:19:14Z">
      <class name="heroKuapp.HeroKuappallTest">
        <test-method status="PASS" signature="DragAndDrop()[pri:0, instance:heroKuapp.HeroKuappallTest@527740a2]" name="DragAndDrop" duration-ms="7956" started-at="2018-07-10T16:19:06Z" finished-at="2018-07-10T16:19:14Z">
          <reporter-output>
          </reporter-output>
        </test-method> <!-- DragAndDrop -->
      </class> <!-- heroKuapp.HeroKuappallTest -->
    </test> <!-- Default test -->
  </suite> <!-- Default suite -->
</testng-results>
